2025-07-30T20:36:49.837+0800	[34mINFO[0m	sdb/sdb.go:25	数据库链接成功
2025-07-30T20:36:49.837+0800	[34mINFO[0m	sdb/sdb.go:106	开始初始化数据库
2025-07-30T20:36:49.837+0800	[34mINFO[0m	sdb/sdb.go:107	开始迁移数据库
2025-07-30T20:36:49.839+0800	[34mINFO[0m	sdb/sdb.go:114	获取用户表失败
2025-07-30T20:36:49.839+0800	[34mINFO[0m	sdb/sdb.go:117	用户表为空
2025-07-30T20:36:50.034+0800	[34mINFO[0m	sdb/sdb.go:120	初始用户名:	{"username": "8n586mBU"}
2025-07-30T20:36:50.034+0800	[34mINFO[0m	sdb/sdb.go:121	初始密码:	{"password": "H5JThY2x"}
2025-07-30T20:36:50.035+0800	[34mINFO[0m	sdb/sdb.go:130	创建用户成功
2025-07-30T20:36:50.040+0800	[34mINFO[0m	sdb/sdb.go:148	设置表为空，创建默认设置
2025-07-30T20:36:50.041+0800	[34mINFO[0m	sdb/sdb.go:167	默认设置创建成功
2025-07-30T20:36:50.041+0800	[34mINFO[0m	sdb/sdb.go:176	APIKEY表为空，创建默认设置
2025-07-30T20:36:50.042+0800	[34mINFO[0m	sdb/sdb.go:185	APIKEY表默认设置创建成功
2025-07-30T20:36:50.084+0800	[34mINFO[0m	rdb/rdb.go:54	redis 连接成功
2025-07-30T20:37:20.646+0800	[34mINFO[0m	sdb/sdb.go:25	数据库链接成功
2025-07-30T20:37:20.646+0800	[34mINFO[0m	sdb/sdb.go:106	开始初始化数据库
2025-07-30T20:37:20.646+0800	[34mINFO[0m	sdb/sdb.go:107	开始迁移数据库
2025-07-30T20:37:20.652+0800	[34mINFO[0m	rdb/rdb.go:54	redis 连接成功
2025-07-30T21:11:45.686+0800	[34mINFO[0m	sdb/sdb.go:25	数据库链接成功
2025-07-30T21:11:45.689+0800	[34mINFO[0m	sdb/sdb.go:106	开始初始化数据库
2025-07-30T21:11:45.689+0800	[34mINFO[0m	sdb/sdb.go:107	开始迁移数据库
2025-07-30T21:11:45.701+0800	[34mINFO[0m	rdb/rdb.go:54	redis 连接成功
