2025-07-24T16:25:57.050+0800	[34mINFO[0m	sdb/sdb.go:25	数据库链接成功
2025-07-24T16:25:57.050+0800	[34mINFO[0m	sdb/sdb.go:99	开始初始化数据库
2025-07-24T16:25:57.050+0800	[34mINFO[0m	sdb/sdb.go:100	开始迁移数据库
2025-07-24T16:25:57.055+0800	[34mINFO[0m	rdb/rdb.go:54	redis 连接成功
2025-07-24T16:26:02.001+0800	[34mINFO[0m	trx/trx.go:72	第一个API开始查询TRX转账记录	{"order_id": "202507241611369996"}
2025-07-24T16:26:03.088+0800	[34mINFO[0m	trx/trx.go:93	TRX请求API查询返回0条,转账记录不存在	{"order_id": "202507241611369996"}
2025-07-24T16:26:03.088+0800	[34mINFO[0m	trx/TronGrid_trx.go:106	第二个TRX_TronGrid开始查询	{"order_id": "202507241611369996"}
2025-07-24T16:26:03.208+0800	[34mINFO[0m	mq/mq.go:69	订单202507241611369996已设置为过期
2025-07-24T16:26:04.107+0800	[31mERROR[0m	trx/TronGrid_trx.go:140	TRX_TronGrid返回状态码不是200	{"status_code": 400}
2025-07-24T16:26:04.107+0800	[34mINFO[0m	trx/trx.go:72	第一个API开始查询TRX转账记录	{"order_id": "202507241616147149"}
2025-07-24T16:26:04.878+0800	[34mINFO[0m	trx/trx.go:114	已经查询到转账记录，但是不符合要求
2025-07-24T16:26:04.878+0800	[34mINFO[0m	trx/TronGrid_trx.go:106	第二个TRX_TronGrid开始查询	{"order_id": "202507241616147149"}
2025-07-24T16:26:07.000+0800	[34mINFO[0m	trx/trx.go:72	第一个API开始查询TRX转账记录	{"order_id": "202507241616147149"}
2025-07-24T16:26:07.726+0800	[34mINFO[0m	trx/trx.go:114	已经查询到转账记录，但是不符合要求
2025-07-24T16:26:07.726+0800	[34mINFO[0m	trx/TronGrid_trx.go:106	第二个TRX_TronGrid开始查询	{"order_id": "202507241616147149"}
2025-07-24T16:26:12.000+0800	[34mINFO[0m	trx/trx.go:72	第一个API开始查询TRX转账记录	{"order_id": "202507241616147149"}
2025-07-24T16:26:12.664+0800	[34mINFO[0m	trx/trx.go:114	已经查询到转账记录，但是不符合要求
2025-07-24T16:26:12.665+0800	[34mINFO[0m	trx/TronGrid_trx.go:106	第二个TRX_TronGrid开始查询	{"order_id": "202507241616147149"}
2025-07-24T16:26:17.001+0800	[34mINFO[0m	trx/trx.go:72	第一个API开始查询TRX转账记录	{"order_id": "202507241616147149"}
2025-07-24T16:26:17.597+0800	[34mINFO[0m	mq/mq.go:69	订单202507241616147149已设置为过期
2025-07-24T16:26:17.611+0800	[34mINFO[0m	trx/trx.go:114	已经查询到转账记录，但是不符合要求
2025-07-24T16:26:17.611+0800	[34mINFO[0m	trx/TronGrid_trx.go:106	第二个TRX_TronGrid开始查询	{"order_id": "202507241616147149"}
